[0806/085755.473:INFO:CONSOLE(150)] "Event handler of 'x-storagemutated-1' event must be added on the initial evaluation of worker script.", source: https://static.whatsapp.net/rsrc.php/v3/y5/r/lLcrgeV-4vv.js?_nc_x=Ij3Wp8lg5Kz (150)
[0806/085758.705:INFO:CONSOLE(0)] "Error with Permissions-Policy header: Feature xr-spatial-tracking's parameters are ignored.", source:  (0)
[0806/085758.705:INFO:CONSOLE(0)] "Error with Permissions-Policy header: Origin trial controlled feature not enabled: 'attribution-reporting'.", source:  (0)
[0806/085758.705:INFO:CONSOLE(0)] "Error with Permissions-Policy header: Unrecognized feature: 'battery'.", source:  (0)
[0806/085758.705:INFO:CONSOLE(0)] "Error with Permissions-Policy header: Unrecognized feature: 'compute-pressure'.", source:  (0)
[0806/085758.705:INFO:CONSOLE(0)] "Error with Permissions-Policy header: Origin trial controlled feature not enabled: 'interest-cohort'.", source:  (0)
[0806/085758.705:INFO:CONSOLE(0)] "Error with Permissions-Policy header: Unrecognized feature: 'private-state-token-issuance'.", source:  (0)
[0806/085758.705:INFO:CONSOLE(0)] "Error with Permissions-Policy header: Origin trial controlled feature not enabled: 'shared-storage'.", source:  (0)
[0806/085758.705:INFO:CONSOLE(0)] "Error with Permissions-Policy header: Unrecognized feature: 'shared-storage-select-url'.", source:  (0)
[0806/085758.705:INFO:CONSOLE(0)] "Error with Permissions-Policy header: Unrecognized feature: 'private-state-token-redemption'.", source:  (0)
[0806/085758.705:INFO:CONSOLE(0)] "Error with Permissions-Policy header: Unrecognized feature: 'usb-unrestricted'.", source:  (0)
[0806/085758.705:INFO:CONSOLE(0)] "Error with Permissions-Policy header: Unrecognized feature: 'unload'.", source:  (0)
[0806/085758.705:INFO:CONSOLE(0)] "Error with Permissions-Policy header: Unrecognized feature: 'window-management'.", source:  (0)
[0806/085801.923:INFO:CONSOLE(150)] "Event handler of 'x-storagemutated-1' event must be added on the initial evaluation of worker script.", source: https://static.whatsapp.net/rsrc.php/v3/y5/r/lLcrgeV-4vv.js?_nc_x=Ij3Wp8lg5Kz (150)
[0806/085848.561:ERROR:cache_util_win.cc(20)] Unable to move the cache: Acesso negado. (0x5)
[0806/085848.564:ERROR:disk_cache.cc(205)] Unable to create cache
[0806/085848.564:ERROR:gpu_disk_cache.cc(673)] Gpu Cache Creation failed: -2
[0806/085848.568:ERROR:cache_util_win.cc(20)] Unable to move the cache: Acesso negado. (0x5)
[0806/085848.569:ERROR:disk_cache.cc(205)] Unable to create cache
[0806/085848.570:ERROR:gpu_disk_cache.cc(673)] Gpu Cache Creation failed: -2
[0806/085850.598:ERROR:cache_util_win.cc(20)] Unable to move the cache: Acesso negado. (0x5)
[0806/085850.598:ERROR:disk_cache.cc(205)] Unable to create cache
[0806/085850.943:ERROR:cache_util_win.cc(20)] Unable to move the cache: Acesso negado. (0x5)
[0806/085850.943:ERROR:disk_cache.cc(205)] Unable to create cache
[0806/085850.943:ERROR:gpu_disk_cache.cc(673)] Gpu Cache Creation failed: -2
[0806/085850.944:ERROR:cache_util_win.cc(20)] Unable to move the cache: Acesso negado. (0x5)
[0806/085850.944:ERROR:disk_cache.cc(205)] Unable to create cache
[0806/085850.944:ERROR:gpu_disk_cache.cc(673)] Gpu Cache Creation failed: -2
[0806/085851.147:INFO:CONSOLE(0)] "Error with Permissions-Policy header: Feature xr-spatial-tracking's parameters are ignored.", source:  (0)
[0806/085851.147:INFO:CONSOLE(0)] "Error with Permissions-Policy header: Origin trial controlled feature not enabled: 'attribution-reporting'.", source:  (0)
[0806/085851.147:INFO:CONSOLE(0)] "Error with Permissions-Policy header: Unrecognized feature: 'battery'.", source:  (0)
[0806/085851.147:INFO:CONSOLE(0)] "Error with Permissions-Policy header: Unrecognized feature: 'compute-pressure'.", source:  (0)
[0806/085851.147:INFO:CONSOLE(0)] "Error with Permissions-Policy header: Origin trial controlled feature not enabled: 'interest-cohort'.", source:  (0)
[0806/085851.147:INFO:CONSOLE(0)] "Error with Permissions-Policy header: Unrecognized feature: 'private-state-token-issuance'.", source:  (0)
[0806/085851.147:INFO:CONSOLE(0)] "Error with Permissions-Policy header: Origin trial controlled feature not enabled: 'shared-storage'.", source:  (0)
[0806/085851.148:INFO:CONSOLE(0)] "Error with Permissions-Policy header: Unrecognized feature: 'shared-storage-select-url'.", source:  (0)
[0806/085851.148:INFO:CONSOLE(0)] "Error with Permissions-Policy header: Unrecognized feature: 'private-state-token-redemption'.", source:  (0)
[0806/085851.148:INFO:CONSOLE(0)] "Error with Permissions-Policy header: Unrecognized feature: 'usb-unrestricted'.", source:  (0)
[0806/085851.148:INFO:CONSOLE(0)] "Error with Permissions-Policy header: Unrecognized feature: 'unload'.", source:  (0)
[0806/085851.148:INFO:CONSOLE(0)] "Error with Permissions-Policy header: Unrecognized feature: 'window-management'.", source:  (0)
[0806/085851.595:ERROR:service_worker_storage.cc(1933)] Failed to delete the database: Database IO error
[0806/085857.294:ERROR:quota_database.cc(929)] Could not open the quota database, resetting.
[0806/085902.225:ERROR:quota_database.cc(929)] Could not open the quota database, resetting.
[0806/085905.413:ERROR:quota_database.cc(931)] Failed to reset the quota database.
[0806/085905.415:ERROR:quota_database.cc(931)] Failed to reset the quota database.
